 | INFO | app.log | Controller : Version - 1 Parse | 
 | INFO | app.log | Controller : Version - 2 Parse | 
 | INFO | app.log | Controller : Version - 1 Parse | 
 | INFO | app.log | Controller : Version - 2 Parse | 
 | INFO | app.log | Controller : Version - 1 Parse | 
 | INFO | app.log | Controller : Version - 1 Parse | 
 | INFO | app.log | Controller : Version - 1 Parse | 
 | INFO | app.log | Controller : Version - 1 Parse | 
 | INFO | app.log | Controller : Version - 1 Parse | 
 | INFO | app.log | Controller : Version - 1 Parse | 
 | INFO | app.log | Controller : Version - 1 Parse | 
 | INFO | app.log | Controller : Version - 1 Parse | 
 | INFO | app.log | Controller : Version - 1 Parse | 
 | INFO | app.log | Controller : Version - 1 Parse | 
 | INFO | app.log | Controller : Version - 1 Parse | 
 | INFO | app.log | Controller : Version - 1 Parse | 
 | INFO | app.log | Controller : Version - 1 Parse | 
 | INFO | app.log | Controller : Version - 1 Parse | 
 | INFO | app.log | Controller : Version - 1 Parse | 
 | INFO | app.log | Controller : Version - 1 Parse | 
 | INFO | app.log | Controller : Version - 1 Parse | 
 | INFO | app.log | Controller : Version - 1 Parse | 
 | INFO | app.log | Controller : Version - 1 Parse | 
 | INFO | app.log | Controller : Version - 1 Parse | 
 | INFO | app.log | Controller : Version - 1 Parse | 
 | INFO | app.log | Controller : Version - 1 Parse | 
 | INFO | app.log | Controller : Version - 1 Parse | 
 | INFO | app.log | Controller : Version - 1 Parse | 
 | INFO | app.log | Controller : Version - 1 Parse | 
 | INFO | app.log | Controller : Version - 1 Parse | 
 | INFO | app.log | Controller : Version - 1 Parse | 
 | INFO | app.log | Controller : Version - 1 Parse | 
 | INFO | app.log | Cannot read property 'processParse' of undefined | 
 | INFO | app.log | Controller : Version - 1 Parse | 
 | INFO | app.log | Cannot read property 'processParse' of undefined | 
 | INFO | app.log | Controller : Version - 1 Parse | 
 | INFO | app.log | Controller : Version - 1 Parse | 
 | INFO | app.log | Controller : Version - 1 Parse | 
 | INFO | app.log | Controller : Version - 1 Parse | 
 | INFO | app.log | Controller : Version - 1 Parse | 
 | INFO | app.log | Controller : Version - 1 Parse | 
 | INFO | app.log | Controller : Version - 1 Parse | 
 | INFO | app.log | Controller : Version - 1 Parse | 
 | INFO | app.log | Controller : Version - 1 Parse | 
 | INFO | app.log | Controller : Version - 1 Parse | 
 | INFO | app.log | Controller : Version - 1 Parse | 
 | INFO | app.log | Controller : Version - 1 Parse | 
 | INFO | app.log | Controller : Version - 1 Parse | 
 | INFO | app.log | Controller : Version - 1 Parse | 
 | INFO | app.log | Controller : Version - 1 Parse | 
 | INFO | app.log | Controller : Version - 1 Parse | 
 | INFO | app.log | Controller : Version - 1 Parse | 
 | INFO | app.log | Controller : Version - 1 Parse | 
 | INFO | app.log | Controller : Version - 1 Parse | 
 | INFO | app.log | Controller : Version - 1 Parse | 
 | INFO | app.log | Controller : Version - 1 Parse | 
 | INFO | app.log | Controller : Version - 1 Parse | 
 | INFO | app.log | Controller : Version - 1 Parse | 
 | INFO | app.log | Controller : Version - 1 Parse | 
 | INFO | app.log | Controller : v1 Parse | 
 | INFO | app.log | Controller : v1 Parse | 
 | INFO | app.log | Process : v1 Parse | 
 | INFO | app.log | Controller : v2 Parse | 
 | INFO | app.log | Process : v2 Parse | 
 | INFO | app.log | Process : v1 Parse | 
 | INFO | app.log | Process : v1 Parse | 
 | INFO | app.log | Process : v1 Parse | 
 | INFO | app.log | Process : v1 Parse | 
 | INFO | app.log | Process : v1 Parse | 
 | INFO | app.log | Process : v1 Parse | 
 | INFO | app.log | Process : v2 Parse | 
 | INFO | app.log | Process : v1 Parse | 
 | INFO | app.log | Process : v2 Parse | 
 | INFO | app.log | Process : v1 Parse | 
 | INFO | app.log | Process : v2 Parse | 
 | INFO | app.log | Process : v1 Parse | 
 | INFO | app.log | Process : v2 Parse | 
 | INFO | app.log | Process : v1 Parse | 
 | INFO | app.log | Process : v1 Parse | 
 | INFO | app.log | Process : v2 Parse | 
 | INFO | app.log | Process : v1 Parse | 
 | INFO | app.log | Cannot read property 'split' of undefined | 
 | INFO | app.log | Process : v1 Parse | 
 | INFO | app.log | Process : v2 Parse | 
 | INFO | app.log | Process : v1 Parse | 
 | INFO | app.log | Process : v1 Parse | 
 | INFO | app.log | Process : v2 Parse | 
 | INFO | app.log | Process : 1 Parse | 
 | INFO | app.log | Process : v1 Parse | 
 | INFO | app.log | Process : v1 Parse | 
 | INFO | app.log | Process : v1 Parse | 
 | INFO | app.log | Process : v2 Parse | 
 | INFO | app.log | Process : v1 Parse | 
 | INFO | app.log | Process : v2 Parse | 
 | INFO | app.log | Process : v1 Parse | 
 | INFO | app.log | Process : v1 Parse | 
 | INFO | app.log | Process : v1 Parse | 
 | INFO | app.log | Process : v2 Parse | 
 | INFO | app.log | Process : v1 Parse | 
 | INFO | app.log | Process : v2 Parse | 
 | INFO | app.log | Process : v1 Parse | 
 | INFO | app.log | Cannot read property 'split' of undefined | 
 | INFO | app.log | Process : v1 Parse | 
 | INFO | app.log | Process : v1 Parse | 
 | INFO | app.log | Process : v2 Parse | 
 | INFO | app.log | Cannot read property 'split' of undefined | 
 | INFO | app.log | Process : v1 Parse | 
 | INFO | app.log | Process : v2 Parse | 
 | INFO | app.log | Cannot read property 'split' of undefined | 
 | INFO | app.log | Process : v1 Parse | 
 | INFO | app.log | Process : v1 Parse | 
 | INFO | app.log | Process : v1 Parse | 
 | INFO | app.log | Process : v2 Parse | 
 | INFO | app.log | Cannot read property 'split' of undefined | 
 | INFO | app.log | Process : v1 Parse | 
 | INFO | app.log | Process : v2 Parse | 
 | INFO | app.log | Process : v1 Parse | 
 | INFO | app.log | Cannot read property 'split' of undefined | 
 | INFO | app.log | Process : v1 Parse | 
 | INFO | app.log | Process : v1 Parse | 
 | INFO | app.log | Process : v2 Parse | 
 | INFO | app.log | Cannot read property 'split' of undefined | 
 | INFO | app.log | Process : v1 Parse | 
 | INFO | app.log | Process : v1 Parse | 
 | INFO | app.log | Process : v2 Parse | 
 | INFO | app.log | Cannot read property 'split' of undefined | 
 | INFO | app.log | Process : v1 Parse | 
 | INFO | app.log | Process : v1 Parse | 
 | INFO | app.log | Process : v2 Parse | 
 | INFO | app.log | Cannot read property 'split' of undefined | 
 | INFO | app.log | Process : v1 Parse | 
 | INFO | app.log | Process : v1 Parse | 
 | INFO | app.log | Process : v2 Parse | 
 | INFO | app.log | Cannot read property 'split' of undefined | 
 | INFO | app.log | Controller : v2 Parse | 
 | INFO | app.log | Process : v2 Parse | 
 | INFO | app.log | Controller : v1 Parse | 
 | INFO | app.log | Process : v1 Parse | 
 | INFO | app.log | Controller : v1 Parse | 
 | INFO | app.log | Process : v1 Parse | 
 | INFO | app.log | Controller : v2 Parse | 
 | INFO | app.log | Process : v2 Parse | 
 | INFO | app.log | Cannot read property 'split' of undefined | 
 | INFO | app.log | Process : v1 Parse | 
 | INFO | app.log | Process : v2 Parse | 
 | INFO | app.log | Process : v1 Parse | 
 | INFO | app.log | Controller : v1 Parse | 
 | INFO | app.log | Process : v1 Parse | 
 | INFO | app.log | Controller : v2 Parse | 
 | INFO | app.log | Process : v2 Parse | 
 | INFO | app.log | Controller : v1 Parse | 
 | INFO | app.log | Process : v1 Parse | 
